app/build/outputs/logs/manifest-merger-debug-report.txt
-- Merging decision tree log ---
manifest
ADDED from src\main\AndroidManifest.xml:2:1-191:12
	package
		ADDED from src\main\AndroidManifest.xml:4:5-37
		INJECTED from src\main\AndroidManifest.xml
		INJECTED from src\main\AndroidManifest.xml
	android:versionName
		ADDED from src\main\AndroidManifest.xml:6:5-32
		INJECTED from src\main\AndroidManifest.xml
		INJECTED from src\main\AndroidManifest.xml
	xmlns:tools
		ADDED from src\main\AndroidManifest.xml:3:5-51
	android:versionCode
		ADDED from src\main\AndroidManifest.xml:5:5-28
		INJECTED from src\main\AndroidManifest.xml
		INJECTED from src\main\AndroidManifest.xml
	xmlns:android
		ADDED from src\main\AndroidManifest.xml:2:11-69
uses-permission#android.permission.MOUNT_UNMOUNT_FILESYSTEMS
ADDED from src\main\AndroidManifest.xml:10:5-84
	android:name
		ADDED from src\main\AndroidManifest.xml:10:22-81
uses-permission#android.permission.SYSTEM_ALERT_WINDOW
ADDED from src\main\AndroidManifest.xml:12:5-78
	android:name
		ADDED from src\main\AndroidManifest.xml:12:22-75
uses-permission#android.permission.WRITE_EXTERNAL_STORAGE
ADDED from src\main\AndroidManifest.xml:14:5-81
	android:name
		ADDED from src\main\AndroidManifest.xml:14:22-78
uses-permission#android.permission.READ_EXTERNAL_STORAGE
ADDED from src\main\AndroidManifest.xml:16:5-80
	android:name
		ADDED from src\main\AndroidManifest.xml:16:22-77
uses-permission#android.permission.INTERNET
ADDED from src\main\AndroidManifest.xml:18:5-67
	android:name
		ADDED from src\main\AndroidManifest.xml:18:22-64
uses-permission#android.permission.ACCESS_NETWORK_STATE
ADDED from src\main\AndroidManifest.xml:20:5-79
	android:name
		ADDED from src\main\AndroidManifest.xml:20:22-76
uses-permission#android.permission.RECORD_AUDIO
ADDED from src\main\AndroidManifest.xml:22:5-71
	android:name
		ADDED from src\main\AndroidManifest.xml:22:22-68
uses-permission#android.permission.WAKE_LOCK
ADDED from src\main\AndroidManifest.xml:24:5-68
	android:name
		ADDED from src\main\AndroidManifest.xml:24:22-65
uses-permission#android.permission.ACCESS_WIFI_STATE
ADDED from src\main\AndroidManifest.xml:26:5-76
	android:name
		ADDED from src\main\AndroidManifest.xml:26:22-73
uses-permission#android.permission.CAMERA
ADDED from src\main\AndroidManifest.xml:28:5-65
	android:name
		ADDED from src\main\AndroidManifest.xml:28:22-62
uses-permission#android.permission.FLASHLIGHT
ADDED from src\main\AndroidManifest.xml:30:5-69
	android:name
		ADDED from src\main\AndroidManifest.xml:30:22-66
uses-permission#android.permission.READ_PHONE_STATE
ADDED from src\main\AndroidManifest.xml:32:5-75
	android:name
		ADDED from src\main\AndroidManifest.xml:32:22-72
uses-permission#android.permission.SET_DEBUG_APP
ADDED from src\main\AndroidManifest.xml:34:5-72
	android:name
		ADDED from src\main\AndroidManifest.xml:34:22-69
uses-permission#android.permission.GET_TASKS
ADDED from src\main\AndroidManifest.xml:36:5-68
	android:name
		ADDED from src\main\AndroidManifest.xml:36:22-65
uses-permission#android.permission.CHANGE_WIFI_STATE
ADDED from src\main\AndroidManifest.xml:38:5-76
	android:name
		ADDED from src\main\AndroidManifest.xml:38:22-73
uses-permission#android.permission.MANAGE_ACCOUNTS
ADDED from src\main\AndroidManifest.xml:39:5-73
	android:name
		ADDED from src\main\AndroidManifest.xml:39:22-71
uses-permission#android.permission.GET_ACCOUNTS
ADDED from src\main\AndroidManifest.xml:40:5-70
	android:name
		ADDED from src\main\AndroidManifest.xml:40:22-68
permission#com.netease.vcloud.live.permission.RECEIVE_MSG
ADDED from src\main\AndroidManifest.xml:44:5-46:47
	android:protectionLevel
		ADDED from src\main\AndroidManifest.xml:46:9-44
	android:name
		ADDED from src\main\AndroidManifest.xml:45:9-70
uses-permission#com.netease.vcloud.live.permission.RECEIVE_MSG
ADDED from src\main\AndroidManifest.xml:48:5-86
	android:name
		ADDED from src\main\AndroidManifest.xml:48:22-83
uses-feature#android.hardware.camera
ADDED from src\main\AndroidManifest.xml:52:5-60
	android:name
		ADDED from src\main\AndroidManifest.xml:52:19-57
uses-feature#android.hardware.camera.autofocus
ADDED from src\main\AndroidManifest.xml:53:5-70
	android:name
		ADDED from src\main\AndroidManifest.xml:53:19-67
uses-feature#0x00020000
ADDED from src\main\AndroidManifest.xml:55:5-57:35
	android:glEsVersion
		ADDED from src\main\AndroidManifest.xml:56:9-41
	android:required
		ADDED from src\main\AndroidManifest.xml:57:9-32
application
ADDED from src\main\AndroidManifest.xml:59:5-189:19
MERGED from [:zxing-1.8.4:] AndroidManifest.xml:11:5-20
MERGED from [:barcodescanner-core-1.8.4:] AndroidManifest.xml:11:5-20
MERGED from [hgzgLiveApp:uikit:unspecified] AndroidManifest.xml:9:5-141:19
MERGED from [com.android.support:design:25.3.1] AndroidManifest.xml:29:5-20
MERGED from [com.android.support:transition:25.3.1] AndroidManifest.xml:26:5-20
MERGED from [com.github.Jay-Goo:RangeSeekBar:v1.0.7] AndroidManifest.xml:11:5-15:19
MERGED from [com.android.support:appcompat-v7:25.3.1] AndroidManifest.xml:29:5-20
MERGED from [com.android.support:support-v4:25.3.1] AndroidManifest.xml:29:5-20
MERGED from [com.android.support:support-fragment:25.3.1] AndroidManifest.xml:29:5-20
MERGED from [com.android.support:support-media-compat:25.3.1] AndroidManifest.xml:29:5-20
MERGED from [com.android.support:support-core-ui:25.3.1] AndroidManifest.xml:29:5-20
MERGED from [com.android.support:support-core-utils:25.3.1] AndroidManifest.xml:29:5-20
MERGED from [com.android.support:animated-vector-drawable:25.3.1] AndroidManifest.xml:26:5-20
MERGED from [com.android.support:support-vector-drawable:25.3.1] AndroidManifest.xml:26:5-20
MERGED from [com.android.support:support-compat:25.3.1] AndroidManifest.xml:29:5-20
	android:label
		ADDED from src\main\AndroidManifest.xml:64:9-41
	android:supportsRtl
		ADDED from src\main\AndroidManifest.xml:65:9-35
	android:allowBackup
		ADDED from src\main\AndroidManifest.xml:62:9-35
	android:icon
		ADDED from src\main\AndroidManifest.xml:63:9-45
	android:largeHeap
		ADDED from src\main\AndroidManifest.xml:67:9-33
	android:theme
		ADDED from src\main\AndroidManifest.xml:66:9-40
	tools:replace
		ADDED from src\main\AndroidManifest.xml:61:9-37
	android:name
		ADDED from src\main\AndroidManifest.xml:60:9-62
activity#com.weitao.vcloud.live.activity.WelcomeActivity
ADDED from src\main\AndroidManifest.xml:68:9-79:20
	android:screenOrientation
		ADDED from src\main\AndroidManifest.xml:70:13-49
	android:theme
		ADDED from src\main\AndroidManifest.xml:71:13-57
	android:name
		ADDED from src\main\AndroidManifest.xml:69:13-75
intent-filter#android.intent.action.MAIN+android.intent.category.LAUNCHER
ADDED from src\main\AndroidManifest.xml:73:13-77:29
action#android.intent.action.MAIN
ADDED from src\main\AndroidManifest.xml:74:17-69
	android:name
		ADDED from src\main\AndroidManifest.xml:74:25-66
category#android.intent.category.LAUNCHER
ADDED from src\main\AndroidManifest.xml:76:17-77
	android:name
		ADDED from src\main\AndroidManifest.xml:76:27-74
activity#com.weitao.vcloud.live.activity.MainActivity
ADDED from src\main\AndroidManifest.xml:80:9-84:79
	android:screenOrientation
		ADDED from src\main\AndroidManifest.xml:82:13-49
	android:windowSoftInputMode
		ADDED from src\main\AndroidManifest.xml:84:13-67
	android:theme
		ADDED from src\main\AndroidManifest.xml:83:13-44
	android:name
		ADDED from src\main\AndroidManifest.xml:81:13-72
activity#com.weitao.vcloud.live.activity.QRCodeScanActivity
ADDED from src\main\AndroidManifest.xml:86:9-88:61
	android:screenOrientation
		ADDED from src\main\AndroidManifest.xml:88:13-49
	android:name
		ADDED from src\main\AndroidManifest.xml:87:13-78
activity#com.weitao.vcloud.live.activity.LiveRoomActivity
ADDED from src\main\AndroidManifest.xml:90:9-94:80
	android:screenOrientation
		ADDED from src\main\AndroidManifest.xml:93:13-49
	android:windowSoftInputMode
		ADDED from src\main\AndroidManifest.xml:94:13-68
	android:configChanges
		ADDED from src\main\AndroidManifest.xml:92:13-74
	android:name
		ADDED from src\main\AndroidManifest.xml:91:13-76
activity#com.weitao.vcloud.live.activity.LoginActivity
ADDED from src\main\AndroidManifest.xml:96:9-99:76
	android:screenOrientation
		ADDED from src\main\AndroidManifest.xml:98:13-49
	android:windowSoftInputMode
		ADDED from src\main\AndroidManifest.xml:99:13-73
	android:name
		ADDED from src\main\AndroidManifest.xml:97:13-73
activity#com.weitao.vcloud.live.activity.EnterAudienceActivity
ADDED from src\main\AndroidManifest.xml:101:9-103:52
	android:screenOrientation
		ADDED from src\main\AndroidManifest.xml:103:13-49
	android:name
		ADDED from src\main\AndroidManifest.xml:102:13-81
activity#com.weitao.vcloud.live.activity.GuideActivity
ADDED from src\main\AndroidManifest.xml:105:9-107:52
	android:screenOrientation
		ADDED from src\main\AndroidManifest.xml:107:13-49
	android:name
		ADDED from src\main\AndroidManifest.xml:106:13-73
activity#com.weitao.vcloud.live.activity.EnterLiveActivity
ADDED from src\main\AndroidManifest.xml:109:9-111:52
	android:screenOrientation
		ADDED from src\main\AndroidManifest.xml:111:13-49
	android:name
		ADDED from src\main\AndroidManifest.xml:110:13-77
activity#com.weitao.vcloud.live.activity.InputActivity
ADDED from src\main\AndroidManifest.xml:113:9-116:75
	android:windowSoftInputMode
		ADDED from src\main\AndroidManifest.xml:116:13-72
	android:theme
		ADDED from src\main\AndroidManifest.xml:115:13-54
	android:name
		ADDED from src\main\AndroidManifest.xml:114:13-73
activity#com.weitao.vcloud.live.activity.VideoGalleryActivity
ADDED from src\main\AndroidManifest.xml:118:9-120:61
	android:screenOrientation
		ADDED from src\main\AndroidManifest.xml:120:13-49
	android:name
		ADDED from src\main\AndroidManifest.xml:119:13-80
activity#com.weitao.vcloud.live.activity.VideoDetailInfoActivity
ADDED from src\main\AndroidManifest.xml:122:9-124:61
	android:screenOrientation
		ADDED from src\main\AndroidManifest.xml:124:13-49
	android:name
		ADDED from src\main\AndroidManifest.xml:123:13-83
activity#com.weitao.vcloud.live.activity.VideoPlayerActivity
ADDED from src\main\AndroidManifest.xml:126:9-131:70
	android:screenOrientation
		ADDED from src\main\AndroidManifest.xml:129:13-49
	android:launchMode
		ADDED from src\main\AndroidManifest.xml:130:13-48
	android:windowSoftInputMode
		ADDED from src\main\AndroidManifest.xml:131:13-67
	android:configChanges
		ADDED from src\main\AndroidManifest.xml:128:13-74
	android:name
		ADDED from src\main\AndroidManifest.xml:127:13-79
activity#com.weitao.vcloud.live.activity.VideoShootActivity
ADDED from src\main\AndroidManifest.xml:133:9-137:78
	android:screenOrientation
		ADDED from src\main\AndroidManifest.xml:135:13-49
	android:windowSoftInputMode
		ADDED from src\main\AndroidManifest.xml:137:13-75
	android:theme
		ADDED from src\main\AndroidManifest.xml:136:13-44
	android:name
		ADDED from src\main\AndroidManifest.xml:134:13-78
activity#com.weitao.vcloud.live.activity.VideoImportActivity
ADDED from src\main\AndroidManifest.xml:139:9-142:78
	android:screenOrientation
		ADDED from src\main\AndroidManifest.xml:141:13-49
	android:windowSoftInputMode
		ADDED from src\main\AndroidManifest.xml:142:13-75
	android:name
		ADDED from src\main\AndroidManifest.xml:140:13-79
activity#com.weitao.vcloud.live.activity.ShortVideoEditActivity
ADDED from src\main\AndroidManifest.xml:144:9-147:58
	android:screenOrientation
		ADDED from src\main\AndroidManifest.xml:146:13-49
	android:windowSoftInputMode
		ADDED from src\main\AndroidManifest.xml:147:13-55
	android:name
		ADDED from src\main\AndroidManifest.xml:145:13-82
service#com.weitao.vcloud.live.upload.controller.UploadService
ADDED from src\main\AndroidManifest.xml:149:9-90
	android:name
		ADDED from src\main\AndroidManifest.xml:149:18-87
meta-data#com.netease.nim.appKey
ADDED from src\main\AndroidManifest.xml:155:9-157:55
	android:value
		ADDED from src\main\AndroidManifest.xml:157:4-52
	android:name
		ADDED from src\main\AndroidManifest.xml:156:9-46
service#com.netease.nimlib.service.NimService
ADDED from src\main\AndroidManifest.xml:164:9-166:39
	android:process
		ADDED from src\main\AndroidManifest.xml:166:13-36
	android:name
		ADDED from src\main\AndroidManifest.xml:165:13-65
service#com.netease.nimlib.service.NimService$Aux
ADDED from src\main\AndroidManifest.xml:168:9-170:39
	android:process
		ADDED from src\main\AndroidManifest.xml:170:13-36
	android:name
		ADDED from src\main\AndroidManifest.xml:169:13-69
receiver#com.netease.nimlib.service.NimReceiver
ADDED from src\main\AndroidManifest.xml:174:9-182:20
	android:process
		ADDED from src\main\AndroidManifest.xml:177:13-36
	android:exported
		ADDED from src\main\AndroidManifest.xml:176:13-37
	android:name
		ADDED from src\main\AndroidManifest.xml:175:13-66
intent-filter#android.intent.action.BOOT_COMPLETED+android.net.conn.CONNECTIVITY_CHANGE
ADDED from src\main\AndroidManifest.xml:178:13-181:29
action#android.intent.action.BOOT_COMPLETED
ADDED from src\main\AndroidManifest.xml:179:17-79
	android:name
		ADDED from src\main\AndroidManifest.xml:179:25-76
action#android.net.conn.CONNECTIVITY_CHANGE
ADDED from src\main\AndroidManifest.xml:180:17-79
	android:name
		ADDED from src\main\AndroidManifest.xml:180:25-76
receiver#com.netease.nimlib.service.ResponseReceiver
ADDED from src\main\AndroidManifest.xml:185:9-80
	android:name
		ADDED from src\main\AndroidManifest.xml:185:19-77
uses-sdk
INJECTED from src\main\AndroidManifest.xml reason: use-sdk injection requested
MERGED from [com.android.support:multidex:1.0.1] AndroidManifest.xml:18:5-42
MERGED from [cn.sharesdk:ShareSDK:3.2.1.2] AndroidManifest.xml:7:5-9:41
MERGED from [cn.sharesdk:OneKeyShare:3.2.1.2] AndroidManifest.xml:7:5-9:41
MERGED from [:transcoding:] AndroidManifest.xml:7:5-9:41
MERGED from [:zxing-1.8.4:] AndroidManifest.xml:7:5-9:41
MERGED from [:barcodescanner-core-1.8.4:] AndroidManifest.xml:7:5-9:41
MERGED from [hgzgLiveApp:uikit:unspecified] AndroidManifest.xml:5:5-7:41
MERGED from [com.android.support:design:25.3.1] AndroidManifest.xml:21:5-23:62
MERGED from [com.android.support:recyclerview-v7:25.3.1] AndroidManifest.xml:20:5-43
MERGED from [com.android.support:transition:25.3.1] AndroidManifest.xml:20:5-44
MERGED from [com.github.Jay-Goo:RangeSeekBar:v1.0.7] AndroidManifest.xml:7:5-9:41
MERGED from [com.android.support:appcompat-v7:25.3.1] AndroidManifest.xml:21:5-23:78
MERGED from [com.android.support:support-v4:25.3.1] AndroidManifest.xml:21:5-23:54
MERGED from [com.android.support:support-fragment:25.3.1] AndroidManifest.xml:21:5-23:60
MERGED from [com.android.support:support-media-compat:25.3.1] AndroidManifest.xml:21:5-23:63
MERGED from [com.android.support:support-core-ui:25.3.1] AndroidManifest.xml:21:5-23:58
MERGED from [com.android.support:support-core-utils:25.3.1] AndroidManifest.xml:21:5-23:61
MERGED from [com.android.support:animated-vector-drawable:25.3.1] AndroidManifest.xml:20:5-44
MERGED from [com.android.support:support-vector-drawable:25.3.1] AndroidManifest.xml:20:5-43
MERGED from [com.android.support:support-compat:25.3.1] AndroidManifest.xml:21:5-23:58
MERGED from [com.wang.avi:library:2.1.3] AndroidManifest.xml:7:5-9:41
	tools:overrideLibrary
		ADDED from [com.android.support:design:25.3.1] AndroidManifest.xml:23:9-59
	android:targetSdkVersion
		INJECTED from src\main\AndroidManifest.xml
		INJECTED from src\main\AndroidManifest.xml
	android:minSdkVersion
		INJECTED from src\main\AndroidManifest.xml
		INJECTED from src\main\AndroidManifest.xml
activity#com.netease.nim.uikit.session.activity.P2PMessageActivity
ADDED from [hgzgLiveApp:uikit:unspecified] AndroidManifest.xml:16:9-21:70
	android:screenOrientation
		ADDED from [hgzgLiveApp:uikit:unspecified] AndroidManifest.xml:19:13-49
	android:windowSoftInputMode
		ADDED from [hgzgLiveApp:uikit:unspecified] AndroidManifest.xml:21:13-67
	android:configChanges
		ADDED from [hgzgLiveApp:uikit:unspecified] AndroidManifest.xml:18:13-63
	android:theme
		ADDED from [hgzgLiveApp:uikit:unspecified] AndroidManifest.xml:20:13-56
	android:name
		ADDED from [hgzgLiveApp:uikit:unspecified] AndroidManifest.xml:17:13-85
activity#com.netease.nim.uikit.session.activity.TeamMessageActivity
ADDED from [hgzgLiveApp:uikit:unspecified] AndroidManifest.xml:22:9-27:70
	android:screenOrientation
		ADDED from [hgzgLiveApp:uikit:unspecified] AndroidManifest.xml:25:13-49
	android:windowSoftInputMode
		ADDED from [hgzgLiveApp:uikit:unspecified] AndroidManifest.xml:27:13-67
	android:configChanges
		ADDED from [hgzgLiveApp:uikit:unspecified] AndroidManifest.xml:24:13-63
	android:theme
		ADDED from [hgzgLiveApp:uikit:unspecified] AndroidManifest.xml:26:13-56
	android:name
		ADDED from [hgzgLiveApp:uikit:unspecified] AndroidManifest.xml:23:13-86
activity#com.netease.nim.uikit.team.activity.NormalTeamInfoActivity
ADDED from [hgzgLiveApp:uikit:unspecified] AndroidManifest.xml:30:9-35:70
	android:screenOrientation
		ADDED from [hgzgLiveApp:uikit:unspecified] AndroidManifest.xml:33:13-49
	android:windowSoftInputMode
		ADDED from [hgzgLiveApp:uikit:unspecified] AndroidManifest.xml:35:13-67
	android:configChanges
		ADDED from [hgzgLiveApp:uikit:unspecified] AndroidManifest.xml:32:13-63
	android:theme
		ADDED from [hgzgLiveApp:uikit:unspecified] AndroidManifest.xml:34:13-56
	android:name
		ADDED from [hgzgLiveApp:uikit:unspecified] AndroidManifest.xml:31:13-86
activity#com.netease.nim.uikit.team.activity.AdvancedTeamInfoActivity
ADDED from [hgzgLiveApp:uikit:unspecified] AndroidManifest.xml:36:9-41:70
	android:screenOrientation
		ADDED from [hgzgLiveApp:uikit:unspecified] AndroidManifest.xml:39:13-49
	android:windowSoftInputMode
		ADDED from [hgzgLiveApp:uikit:unspecified] AndroidManifest.xml:41:13-67
	android:configChanges
		ADDED from [hgzgLiveApp:uikit:unspecified] AndroidManifest.xml:38:13-63
	android:theme
		ADDED from [hgzgLiveApp:uikit:unspecified] AndroidManifest.xml:40:13-56
	android:name
		ADDED from [hgzgLiveApp:uikit:unspecified] AndroidManifest.xml:37:13-88
activity#com.netease.nim.uikit.team.activity.AdvancedTeamMemberActivity
ADDED from [hgzgLiveApp:uikit:unspecified] AndroidManifest.xml:42:9-47:70
	android:screenOrientation
		ADDED from [hgzgLiveApp:uikit:unspecified] AndroidManifest.xml:45:13-49
	android:windowSoftInputMode
		ADDED from [hgzgLiveApp:uikit:unspecified] AndroidManifest.xml:47:13-67
	android:configChanges
		ADDED from [hgzgLiveApp:uikit:unspecified] AndroidManifest.xml:44:13-63
	android:theme
		ADDED from [hgzgLiveApp:uikit:unspecified] AndroidManifest.xml:46:13-56
	android:name
		ADDED from [hgzgLiveApp:uikit:unspecified] AndroidManifest.xml:43:13-90
activity#com.netease.nim.uikit.team.activity.AdvancedTeamAnnounceActivity
ADDED from [hgzgLiveApp:uikit:unspecified] AndroidManifest.xml:48:9-53:70
	android:screenOrientation
		ADDED from [hgzgLiveApp:uikit:unspecified] AndroidManifest.xml:51:13-49
	android:windowSoftInputMode
		ADDED from [hgzgLiveApp:uikit:unspecified] AndroidManifest.xml:53:13-67
	android:configChanges
		ADDED from [hgzgLiveApp:uikit:unspecified] AndroidManifest.xml:50:13-63
	android:theme
		ADDED from [hgzgLiveApp:uikit:unspecified] AndroidManifest.xml:52:13-56
	android:name
		ADDED from [hgzgLiveApp:uikit:unspecified] AndroidManifest.xml:49:13-92
activity#com.netease.nim.uikit.team.activity.AdvancedTeamMemberInfoActivity
ADDED from [hgzgLiveApp:uikit:unspecified] AndroidManifest.xml:54:9-59:70
	android:screenOrientation
		ADDED from [hgzgLiveApp:uikit:unspecified] AndroidManifest.xml:57:13-49
	android:windowSoftInputMode
		ADDED from [hgzgLiveApp:uikit:unspecified] AndroidManifest.xml:59:13-67
	android:configChanges
		ADDED from [hgzgLiveApp:uikit:unspecified] AndroidManifest.xml:56:13-63
	android:theme
		ADDED from [hgzgLiveApp:uikit:unspecified] AndroidManifest.xml:58:13-56
	android:name
		ADDED from [hgzgLiveApp:uikit:unspecified] AndroidManifest.xml:55:13-94
activity#com.netease.nim.uikit.team.activity.AdvancedTeamNicknameActivity
ADDED from [hgzgLiveApp:uikit:unspecified] AndroidManifest.xml:60:9-65:70
	android:screenOrientation
		ADDED from [hgzgLiveApp:uikit:unspecified] AndroidManifest.xml:63:13-49
	android:windowSoftInputMode
		ADDED from [hgzgLiveApp:uikit:unspecified] AndroidManifest.xml:65:13-67
	android:configChanges
		ADDED from [hgzgLiveApp:uikit:unspecified] AndroidManifest.xml:62:13-63
	android:theme
		ADDED from [hgzgLiveApp:uikit:unspecified] AndroidManifest.xml:64:13-56
	android:name
		ADDED from [hgzgLiveApp:uikit:unspecified] AndroidManifest.xml:61:13-92
activity#com.netease.nim.uikit.team.activity.AdvancedTeamCreateAnnounceActivity
ADDED from [hgzgLiveApp:uikit:unspecified] AndroidManifest.xml:66:9-71:70
	android:screenOrientation
		ADDED from [hgzgLiveApp:uikit:unspecified] AndroidManifest.xml:69:13-49
	android:windowSoftInputMode
		ADDED from [hgzgLiveApp:uikit:unspecified] AndroidManifest.xml:71:13-67
	android:configChanges
		ADDED from [hgzgLiveApp:uikit:unspecified] AndroidManifest.xml:68:13-63
	android:theme
		ADDED from [hgzgLiveApp:uikit:unspecified] AndroidManifest.xml:70:13-56
	android:name
		ADDED from [hgzgLiveApp:uikit:unspecified] AndroidManifest.xml:67:13-98
activity#com.netease.nim.uikit.team.activity.TeamPropertySettingActivity
ADDED from [hgzgLiveApp:uikit:unspecified] AndroidManifest.xml:72:9-77:70
	android:screenOrientation
		ADDED from [hgzgLiveApp:uikit:unspecified] AndroidManifest.xml:75:13-49
	android:windowSoftInputMode
		ADDED from [hgzgLiveApp:uikit:unspecified] AndroidManifest.xml:77:13-67
	android:configChanges
		ADDED from [hgzgLiveApp:uikit:unspecified] AndroidManifest.xml:74:13-63
	android:theme
		ADDED from [hgzgLiveApp:uikit:unspecified] AndroidManifest.xml:76:13-56
	android:name
		ADDED from [hgzgLiveApp:uikit:unspecified] AndroidManifest.xml:73:13-91
activity#com.netease.nim.uikit.contact_selector.activity.ContactSelectActivity
ADDED from [hgzgLiveApp:uikit:unspecified] AndroidManifest.xml:80:9-86:67
	android:screenOrientation
		ADDED from [hgzgLiveApp:uikit:unspecified] AndroidManifest.xml:84:13-49
	android:label
		ADDED from [hgzgLiveApp:uikit:unspecified] AndroidManifest.xml:83:13-53
	android:windowSoftInputMode
		ADDED from [hgzgLiveApp:uikit:unspecified] AndroidManifest.xml:86:13-64
	android:configChanges
		ADDED from [hgzgLiveApp:uikit:unspecified] AndroidManifest.xml:82:13-63
	android:theme
		ADDED from [hgzgLiveApp:uikit:unspecified] AndroidManifest.xml:85:13-56
	android:name
		ADDED from [hgzgLiveApp:uikit:unspecified] AndroidManifest.xml:81:13-97
activity#com.netease.nim.uikit.common.media.picker.activity.PickImageActivity
ADDED from [hgzgLiveApp:uikit:unspecified] AndroidManifest.xml:89:9-92:59
	android:screenOrientation
		ADDED from [hgzgLiveApp:uikit:unspecified] AndroidManifest.xml:91:13-49
	android:theme
		ADDED from [hgzgLiveApp:uikit:unspecified] AndroidManifest.xml:92:13-56
	android:name
		ADDED from [hgzgLiveApp:uikit:unspecified] AndroidManifest.xml:90:13-96
activity#com.netease.nim.uikit.common.media.picker.activity.CropImageActivity
ADDED from [hgzgLiveApp:uikit:unspecified] AndroidManifest.xml:93:9-96:59
	android:screenOrientation
		ADDED from [hgzgLiveApp:uikit:unspecified] AndroidManifest.xml:95:13-49
	android:theme
		ADDED from [hgzgLiveApp:uikit:unspecified] AndroidManifest.xml:96:13-56
	android:name
		ADDED from [hgzgLiveApp:uikit:unspecified] AndroidManifest.xml:94:13-96
activity#com.netease.nim.uikit.common.media.picker.activity.PickerAlbumActivity
ADDED from [hgzgLiveApp:uikit:unspecified] AndroidManifest.xml:97:9-100:59
	android:screenOrientation
		ADDED from [hgzgLiveApp:uikit:unspecified] AndroidManifest.xml:99:13-49
	android:theme
		ADDED from [hgzgLiveApp:uikit:unspecified] AndroidManifest.xml:100:13-56
	android:name
		ADDED from [hgzgLiveApp:uikit:unspecified] AndroidManifest.xml:98:13-98
activity#com.netease.nim.uikit.common.media.picker.activity.PickerAlbumPreviewActivity
ADDED from [hgzgLiveApp:uikit:unspecified] AndroidManifest.xml:101:9-104:59
	android:screenOrientation
		ADDED from [hgzgLiveApp:uikit:unspecified] AndroidManifest.xml:103:13-49
	android:theme
		ADDED from [hgzgLiveApp:uikit:unspecified] AndroidManifest.xml:104:13-56
	android:name
		ADDED from [hgzgLiveApp:uikit:unspecified] AndroidManifest.xml:102:13-105
activity#com.netease.nim.uikit.common.media.picker.activity.PreviewImageFromLocalActivity
ADDED from [hgzgLiveApp:uikit:unspecified] AndroidManifest.xml:105:9-110:70
	android:screenOrientation
		ADDED from [hgzgLiveApp:uikit:unspecified] AndroidManifest.xml:108:13-49
	android:windowSoftInputMode
		ADDED from [hgzgLiveApp:uikit:unspecified] AndroidManifest.xml:110:13-67
	android:configChanges
		ADDED from [hgzgLiveApp:uikit:unspecified] AndroidManifest.xml:107:13-63
	android:theme
		ADDED from [hgzgLiveApp:uikit:unspecified] AndroidManifest.xml:109:13-56
	android:name
		ADDED from [hgzgLiveApp:uikit:unspecified] AndroidManifest.xml:106:13-108
activity#com.netease.nim.uikit.common.media.picker.activity.PreviewImageFromCameraActivity
ADDED from [hgzgLiveApp:uikit:unspecified] AndroidManifest.xml:111:9-117:70
	android:screenOrientation
		ADDED from [hgzgLiveApp:uikit:unspecified] AndroidManifest.xml:115:13-49
	android:label
		ADDED from [hgzgLiveApp:uikit:unspecified] AndroidManifest.xml:114:13-53
	android:windowSoftInputMode
		ADDED from [hgzgLiveApp:uikit:unspecified] AndroidManifest.xml:117:13-67
	android:configChanges
		ADDED from [hgzgLiveApp:uikit:unspecified] AndroidManifest.xml:113:13-63
	android:theme
		ADDED from [hgzgLiveApp:uikit:unspecified] AndroidManifest.xml:116:13-56
	android:name
		ADDED from [hgzgLiveApp:uikit:unspecified] AndroidManifest.xml:112:13-109
activity#com.netease.nim.uikit.session.activity.CaptureVideoActivity
ADDED from [hgzgLiveApp:uikit:unspecified] AndroidManifest.xml:120:9-125:70
	android:screenOrientation
		ADDED from [hgzgLiveApp:uikit:unspecified] AndroidManifest.xml:123:13-49
	android:windowSoftInputMode
		ADDED from [hgzgLiveApp:uikit:unspecified] AndroidManifest.xml:125:13-67
	android:configChanges
		ADDED from [hgzgLiveApp:uikit:unspecified] AndroidManifest.xml:122:13-63
	android:theme
		ADDED from [hgzgLiveApp:uikit:unspecified] AndroidManifest.xml:124:13-56
	android:name
		ADDED from [hgzgLiveApp:uikit:unspecified] AndroidManifest.xml:121:13-87
activity#com.netease.nim.uikit.session.activity.WatchVideoActivity
ADDED from [hgzgLiveApp:uikit:unspecified] AndroidManifest.xml:126:9-130:48
	android:label
		ADDED from [hgzgLiveApp:uikit:unspecified] AndroidManifest.xml:129:13-47
	android:configChanges
		ADDED from [hgzgLiveApp:uikit:unspecified] AndroidManifest.xml:128:13-74
	android:theme
		ADDED from [hgzgLiveApp:uikit:unspecified] AndroidManifest.xml:130:13-45
	android:name
		ADDED from [hgzgLiveApp:uikit:unspecified] AndroidManifest.xml:127:13-85
activity#com.netease.nim.uikit.session.activity.WatchMessagePictureActivity
ADDED from [hgzgLiveApp:uikit:unspecified] AndroidManifest.xml:133:9-136:59
	android:configChanges
		ADDED from [hgzgLiveApp:uikit:unspecified] AndroidManifest.xml:135:13-51
	android:theme
		ADDED from [hgzgLiveApp:uikit:unspecified] AndroidManifest.xml:136:13-56
	android:name
		ADDED from [hgzgLiveApp:uikit:unspecified] AndroidManifest.xml:134:13-94
activity#com.netease.nim.uikit.team.activity.TeamMemberListActivity
ADDED from [hgzgLiveApp:uikit:unspecified] AndroidManifest.xml:137:9-140:59
	android:screenOrientation
		ADDED from [hgzgLiveApp:uikit:unspecified] AndroidManifest.xml:139:13-49
	android:theme
		ADDED from [hgzgLiveApp:uikit:unspecified] AndroidManifest.xml:140:13-56
	android:name
		ADDED from [hgzgLiveApp:uikit:unspecified] AndroidManifest.xml:138:13-86
meta-data#android.support.VERSION
ADDED from [com.android.support:design:25.3.1] AndroidManifest.xml:25:5-27:34
MERGED from [com.android.support:recyclerview-v7:25.3.1] AndroidManifest.xml:22:5-24:34
MERGED from [com.android.support:transition:25.3.1] AndroidManifest.xml:22:5-24:34
MERGED from [com.android.support:appcompat-v7:25.3.1] AndroidManifest.xml:25:5-27:34
MERGED from [com.android.support:support-v4:25.3.1] AndroidManifest.xml:25:5-27:34
MERGED from [com.android.support:support-fragment:25.3.1] AndroidManifest.xml:25:5-27:34
MERGED from [com.android.support:support-media-compat:25.3.1] AndroidManifest.xml:25:5-27:34
MERGED from [com.android.support:support-core-ui:25.3.1] AndroidManifest.xml:25:5-27:34
MERGED from [com.android.support:support-core-utils:25.3.1] AndroidManifest.xml:25:5-27:34
MERGED from [com.android.support:animated-vector-drawable:25.3.1] AndroidManifest.xml:22:5-24:34
MERGED from [com.android.support:support-vector-drawable:25.3.1] AndroidManifest.xml:22:5-24:34
MERGED from [com.android.support:support-compat:25.3.1] AndroidManifest.xml:25:5-27:34
	android:value
		ADDED from [com.android.support:design:25.3.1] AndroidManifest.xml:27:9-31
	android:name
		ADDED from [com.android.support:design:25.3.1] AndroidManifest.xml:26:9-47